<?xml version="1.0" encoding="UTF-8"?>
<!-- Generated by org.testng.reporters.JUnitReportReporter -->
<testsuite hostname="DESKTOP-2CL0MMN" name="producertestclasses.AddExitstingLicenseDBTest" tests="1" failures="0" timestamp="31 Oct 2019 07:45:00 GMT" time="6.808" errors="0">
  <testcase name="code" time="6.808" classname="producertestclasses.AddExitstingLicenseDBTest"/>
</testsuite> <!-- producertestclasses.AddExitstingLicenseDBTest -->
