<?xml version="1.0" encoding="UTF-8"?>
<!-- Generated by org.testng.reporters.JUnitReportReporter -->
<testsuite hostname="DESKTOP-2CL0MMN" name="producertestclasses.ReplaceExistingLicenseTest" tests="1" failures="0" timestamp="2 Nov 2019 06:48:59 GMT" time="9.094" errors="0">
  <testcase name="replace" time="9.094" classname="producertestclasses.ReplaceExistingLicenseTest"/>
</testsuite> <!-- producertestclasses.ReplaceExistingLicenseTest -->
