<?xml version="1.0" encoding="UTF-8"?>
<!-- Generated by org.testng.reporters.JUnitReportReporter -->
<testsuite hostname="DESKTOP-2CL0MMN" name="producertestclasses.StatusCheck" tests="1" failures="0" timestamp="2 Nov 2019 06:55:18 GMT" time="4.544" errors="0">
  <testcase name="status" time="4.544" classname="producertestclasses.StatusCheck"/>
</testsuite> <!-- producertestclasses.StatusCheck -->
